<?xml version="1.0" encoding="UTF-8"?>
<!-- Generated by org.testng.reporters.JUnitReportReporter -->
<testsuite hostname="VenkatSai" failures="0" tests="3" name="TESTNG.TESTCASE1" time="0.020" errors="0" timestamp="2025-04-09T17:27:04 IST" skipped="0">
  <testcase classname="TESTNG.TESTCASE1" name="openapp" time="0.014"/>
  <testcase classname="TESTNG.TESTCASE1" name="login" time="0.003"/>
  <testcase classname="TESTNG.TESTCASE1" name="logout" time="0.003"/>
</testsuite> <!-- TESTNG.TESTCASE1 -->
